<?xml version="1.0" encoding="UTF-8"?>
<!-- Generated by org.testng.reporters.JUnitXMLReporter -->
<testsuite ignored="0" hostname="EC2AMAZ-8KL45D2" failures="0" tests="3" name="Default test" time="3.744" errors="0" timestamp="2024-10-07T05:14:50 UTC">
  <testcase classname="com.notes.createNote" name="createnotes" time="0.253"/>
  <testcase classname="com.notes.createNote" name="updatenotes" time="0.24"/>
  <testcase classname="com.notes.createNote" name="deletenotes" time="0.207"/>
</testsuite> <!-- Default test -->
