<?xml version="1.0" encoding="UTF-8"?>
<testng-results ignored="0" total="3" passed="3" failed="0" skipped="0">
  <reporter-output>
  </reporter-output>
  <suite started-at="2024-10-07T05:14:46 UTC" name="Default suite" finished-at="2024-10-07T05:14:50 UTC" duration-ms="3744">
    <groups>
    </groups>
    <test started-at="2024-10-07T05:14:46 UTC" name="Default test" finished-at="2024-10-07T05:14:50 UTC" duration-ms="3744">
      <class name="com.notes.createNote">
        <test-method is-config="true" signature="login()[pri:0, instance:com.notes.createNote@222545dc]" started-at="2024-10-07T05:14:46 UTC" name="login" finished-at="2024-10-07T05:14:49 UTC" duration-ms="3002" status="PASS">
          <reporter-output>
          </reporter-output>
        </test-method> <!-- login -->
        <test-method signature="createnotes()[pri:0, instance:com.notes.createNote@222545dc]" started-at="2024-10-07T05:14:49 UTC" name="createnotes" finished-at="2024-10-07T05:14:50 UTC" duration-ms="253" status="PASS">
          <reporter-output>
          </reporter-output>
        </test-method> <!-- createnotes -->
        <test-method signature="updatenotes()[pri:1, instance:com.notes.createNote@222545dc]" started-at="2024-10-07T05:14:50 UTC" name="updatenotes" finished-at="2024-10-07T05:14:50 UTC" duration-ms="240" status="PASS">
          <reporter-output>
          </reporter-output>
        </test-method> <!-- updatenotes -->
        <test-method signature="deletenotes()[pri:2, instance:com.notes.createNote@222545dc]" started-at="2024-10-07T05:14:50 UTC" name="deletenotes" finished-at="2024-10-07T05:14:50 UTC" duration-ms="207" status="PASS">
          <reporter-output>
          </reporter-output>
        </test-method> <!-- deletenotes -->
      </class> <!-- com.notes.createNote -->
    </test> <!-- Default test -->
  </suite> <!-- Default suite -->
</testng-results>
